<?xml version="1.0" encoding="UTF-8"?>
<!-- Generated by org.testng.reporters.JUnitReportReporter -->
<testsuite hostname="DESKTOP-5TT2MLP" failures="0" tests="1" name="TestClasses.NewTestICS" time="7.929" errors="0" timestamp="2023-01-10T18:49:16 IST" skipped="0">
  <testcase classname="TestClasses.NewTestICS" name="validateloginPage" time="7.929"/>
  <system-out>
    <![CDATA[launch brouser sucessfully]]>
  </system-out>
</testsuite> <!-- TestClasses.NewTestICS -->
